  motor_can_adress.cpp
C:\Users\danil\source\repos\motor_can_adress\motor_can_adress.cpp(95,23): warning C4018: <: несоответствие типов со знаком и без знака
C:\Users\danil\source\repos\motor_can_adress\motor_can_adress.cpp(105,23): warning C4018: <: несоответствие типов со знаком и без знака
C:\Users\danil\source\repos\motor_can_adress\motor_can_adress.cpp(120,23): warning C4018: <: несоответствие типов со знаком и без знака
C:\Users\danil\source\repos\motor_can_adress\motor_can_adress.cpp(136,23): warning C4018: <: несоответствие типов со знаком и без знака
C:\Users\danil\source\repos\motor_can_adress\motor_can_adress.cpp(151,23): warning C4018: <: несоответствие типов со знаком и без знака
C:\Users\danil\source\repos\motor_can_adress\motor_can_adress.cpp(166,23): warning C4018: <: несоответствие типов со знаком и без знака
C:\Users\danil\source\repos\motor_can_adress\motor_can_adress.cpp(183,23): warning C4018: <: несоответствие типов со знаком и без знака
C:\Users\danil\source\repos\motor_can_adress\motor_can_adress.cpp(195,23): warning C4018: <: несоответствие типов со знаком и без знака
C:\Users\danil\source\repos\motor_can_adress\motor_can_adress.cpp(207,23): warning C4018: <: несоответствие типов со знаком и без знака
C:\Users\danil\source\repos\motor_can_adress\motor_can_adress.cpp(223,23): warning C4018: <: несоответствие типов со знаком и без знака
C:\Users\danil\source\repos\motor_can_adress\motor_can_adress.cpp(268,23): warning C4018: <: несоответствие типов со знаком и без знака
C:\Users\danil\source\repos\motor_can_adress\motor_can_adress.cpp(281,23): warning C4018: <: несоответствие типов со знаком и без знака
C:\Users\danil\source\repos\motor_can_adress\motor_can_adress.cpp(293,23): warning C4018: <: несоответствие типов со знаком и без знака
C:\Users\danil\source\repos\motor_can_adress\motor_can_adress.cpp(305,23): warning C4018: <: несоответствие типов со знаком и без знака
C:\Users\danil\source\repos\motor_can_adress\motor_can_adress.cpp(317,23): warning C4018: <: несоответствие типов со знаком и без знака
C:\Users\danil\source\repos\motor_can_adress\motor_can_adress.cpp(340,23): warning C4018: <: несоответствие типов со знаком и без знака
C:\Users\danil\source\repos\motor_can_adress\motor_can_adress.cpp(421,36): warning C4305: инициализация: усечение из "double" в "float"
C:\Users\danil\source\repos\motor_can_adress\motor_can_adress.cpp(423,29): warning C4305: /=: усечение из "double" в "float"
C:\Users\danil\source\repos\motor_can_adress\motor_can_adress.cpp(430,25): warning C4305: инициализация: усечение из "double" в "float"
C:\Users\danil\source\repos\motor_can_adress\motor_can_adress.cpp(431,20): warning C4305: /=: усечение из "double" в "float"
C:\Users\danil\source\repos\motor_can_adress\motor_can_adress.cpp(482,22): warning C4305: инициализация: усечение из "double" в "float"
C:\Users\danil\source\repos\motor_can_adress\motor_can_adress.cpp(496,37): warning C4305: инициализация: усечение из "double" в "float"
C:\Users\danil\source\repos\motor_can_adress\motor_can_adress.cpp(497,32): warning C4305: /=: усечение из "double" в "float"
C:\Users\danil\source\repos\motor_can_adress\motor_can_adress.cpp(502,34): warning C4305: инициализация: усечение из "double" в "float"
C:\Users\danil\source\repos\motor_can_adress\motor_can_adress.cpp(503,29): warning C4305: /=: усечение из "double" в "float"
C:\Users\danil\source\repos\motor_can_adress\motor_can_adress.cpp(178): warning C4715: set12Bits: значение возвращается не при всех путях выполнения
  motor_can_adress.vcxproj -> C:\Users\danil\source\repos\motor_can_adress\Debug\motor_can_adress.exe
